Enter Git repository URL: Enter Personal Access Token (PAT): Enter branch name (default: main): Enter remote server username: Enter remote server IP: Enter SSH key path: Enter application internal port: Repository exists, pulling latest changes...
From https://github.com/Confidenceb/hng13-stage1-app
 * branch            main       -> FETCH_HEAD
Already up to date.
Docker configuration found.
Checking SSH connectivity...
connected
Updating packages...

WARNING: apt does not have a stable CLI interface. Use with caution in scripts.

Hit:1 http://us-west-2.ec2.archive.ubuntu.com/ubuntu noble InRelease
Get:2 http://us-west-2.ec2.archive.ubuntu.com/ubuntu noble-updates InRelease [126 kB]
Get:3 http://us-west-2.ec2.archive.ubuntu.com/ubuntu noble-backports InRelease [126 kB]
Get:4 http://security.ubuntu.com/ubuntu noble-security InRelease [126 kB]
Get:5 http://us-west-2.ec2.archive.ubuntu.com/ubuntu noble-updates/main amd64 Packages [1535 kB]
Get:6 http://us-west-2.ec2.archive.ubuntu.com/ubuntu noble-updates/main amd64 Components [174 kB]
Get:7 http://us-west-2.ec2.archive.ubuntu.com/ubuntu noble-updates/universe amd64 Components [378 kB]
Get:8 http://us-west-2.ec2.archive.ubuntu.com/ubuntu noble-updates/restricted amd64 Components [212 B]
Get:9 http://us-west-2.ec2.archive.ubuntu.com/ubuntu noble-updates/multiverse amd64 Components [940 B]
Get:10 http://us-west-2.ec2.archive.ubuntu.com/ubuntu noble-backports/main amd64 Components [7136 B]
Get:11 http://us-west-2.ec2.archive.ubuntu.com/ubuntu noble-backports/universe amd64 Components [11.0 kB]
Get:12 http://us-west-2.ec2.archive.ubuntu.com/ubuntu noble-backports/restricted amd64 Components [212 B]
Get:13 http://us-west-2.ec2.archive.ubuntu.com/ubuntu noble-backports/multiverse amd64 Components [212 B]
Get:14 http://security.ubuntu.com/ubuntu noble-security/main amd64 Packages [1260 kB]
Get:15 http://security.ubuntu.com/ubuntu noble-security/universe amd64 Packages [904 kB]
Fetched 4649 kB in 1s (3650 kB/s)
Reading package lists...
Building dependency tree...
Reading state information...
55 packages can be upgraded. Run 'apt list --upgradable' to see them.
Installing Docker, Docker Compose, Nginx if missing...

WARNING: apt does not have a stable CLI interface. Use with caution in scripts.

Reading package lists...
Building dependency tree...
Reading state information...
docker.io is already the newest version (28.2.2-0ubuntu1~24.04.1).
docker-compose is already the newest version (1.29.2-6ubuntu1).
nginx is already the newest version (1.24.0-2ubuntu7.5).
0 upgraded, 0 newly installed, 0 to remove and 55 not upgraded.
Adding user to docker group...
Enabling and starting services...
Synchronizing state of nginx.service with SysV service script with /usr/lib/systemd/systemd-sysv-install.
Executing: /usr/lib/systemd/systemd-sysv-install enable nginx
Installation versions:
Docker version 28.2.2, build 28.2.2-0ubuntu1~24.04.1
docker-compose version 1.29.2, build unknown
Transferring project files...
scp: dest open "/home/ubuntu/hng13-stage1-app/.git/objects/pack/pack-c7a63d7091a52058ab8af0cca98483d7034d5997.rev": Permission denied
scp: upload "./.git/objects/pack/pack-c7a63d7091a52058ab8af0cca98483d7034d5997.rev" to "/home/ubuntu/hng13-stage1-app/.git/objects/pack/pack-c7a63d7091a52058ab8af0cca98483d7034d5997.rev" failed
scp: dest open "/home/ubuntu/hng13-stage1-app/.git/objects/pack/pack-c7a63d7091a52058ab8af0cca98483d7034d5997.idx": Permission denied
scp: upload "./.git/objects/pack/pack-c7a63d7091a52058ab8af0cca98483d7034d5997.idx" to "/home/ubuntu/hng13-stage1-app/.git/objects/pack/pack-c7a63d7091a52058ab8af0cca98483d7034d5997.idx" failed
scp: dest open "/home/ubuntu/hng13-stage1-app/.git/objects/pack/pack-c7a63d7091a52058ab8af0cca98483d7034d5997.pack": Permission denied
scp: upload "./.git/objects/pack/pack-c7a63d7091a52058ab8af0cca98483d7034d5997.pack" to "/home/ubuntu/hng13-stage1-app/.git/objects/pack/pack-c7a63d7091a52058ab8af0cca98483d7034d5997.pack" failed
scp: failed to upload directory . to /home/ubuntu/hng13-stage1-app
Error occurred. Check the log deploy_20251022230050.log
